<?xml version="1.0" encoding="UTF-8"?>
<!-- Generated by org.testng.reporters.JUnitReportReporter -->
<testsuite skipped="0" hostname="DESKTOP-PSNOGFE" name="OpenBrowser" tests="2" failures="0" timestamp="2022-10-23T13:10:19 IST" time="16.509" errors="0">
  <testcase name="flow" time="0.011" classname="OpenBrowser"/>
  <system-out/>
  <testcase name="launch" time="16.498" classname="OpenBrowser"/>
  <system-out/>
</testsuite> <!-- OpenBrowser -->
