<?xml version="1.0" encoding="UTF-8"?>
<!-- Generated by org.testng.reporters.JUnitReportReporter -->
<testsuite skipped="0" hostname="DESKTOP-PSNOGFE" name="OpenBrowser" tests="1" failures="0" timestamp="2022-10-23T11:44:21 IST" time="32.877" errors="0">
  <testcase name="launch" time="32.877" classname="OpenBrowser"/>
  <system-out/>
</testsuite> <!-- OpenBrowser -->
